#
# An unexpected error has been detected by HotSpot Virtual Machine:
#
#  Internal Error (4E4D4554484F440E435050051D), pid=30493, tid=106965936
#
# Java VM: Java HotSpot(TM) Client VM (1.5.0_03-b07 mixed mode, sharing)

---------------  T H R E A D  ---------------

Current thread (0x08381070):  JavaThread "AWT-EventQueue-0" [_thread_in_Java, id=30507]

Stack: [0x06582000,0x06603000),  sp=0x066011fc,  free space=508k
Native frames: (J=compiled Java code, j=interpreted, Vv=VM code, C=native code)
V  [libjvm.so+0x2deba3]
V  [libjvm.so+0x11b2ec]
V  [libjvm.so+0x249b3e]
V  [libjvm.so+0x287480]
V  [libjvm.so+0x25abc6]
V  [libjvm.so+0x2580b4]
C  [libpthread.so.0+0xb7c0]
j  javax.swing.JViewport.paint(Ljava/awt/Graphics;)V+192
J  javax.swing.JComponent.paintWithOffscreenBuffer(Ljavax/swing/JComponent;Ljava/awt/Graphics;IIIILjava/awt/Image;)V
J  javax.swing.JComponent.paintDoubleBuffered(Ljavax/swing/JComponent;Ljava/awt/Component;Ljava/awt/Graphics;IIII)Z
J  javax.swing.JComponent._paintImmediately(IIII)V
J  javax.swing.JComponent.paintImmediately(IIII)V
J  javax.swing.RepaintManager.paintDirtyRegions()V
J  javax.swing.SystemEventQueueUtilities$ComponentWorkRequest.run()V
J  java.awt.event.InvocationEvent.dispatch()V
J  java.awt.EventQueue.dispatchEvent(Ljava/awt/AWTEvent;)V
J  java.awt.EventDispatchThread.pumpOneEventForHierarchy(ILjava/awt/Component;)Z
J  java.awt.EventDispatchThread.pumpEventsForHierarchy(ILjava/awt/Conditional;Ljava/awt/Component;)V
v  ~OSRAdapter
j  java.awt.EventDispatchThread.pumpEvents(ILjava/awt/Conditional;)V+4
j  java.awt.EventDispatchThread.pumpEvents(Ljava/awt/Conditional;)V+3
j  java.awt.EventDispatchThread.run()V+9
v  ~StubRoutines::call_stub
V  [libjvm.so+0x16a7dc]
V  [libjvm.so+0x2590d8]
V  [libjvm.so+0x16a035]
V  [libjvm.so+0x16a0ce]
V  [libjvm.so+0x1ceec5]
V  [libjvm.so+0x2b1f03]
V  [libjvm.so+0x259be8]
C  [libpthread.so.0+0x5341]


---------------  P R O C E S S  ---------------

Java Threads: ( => current thread )
  0x0805b6f8 JavaThread "DestroyJavaVM" [_thread_blocked, id=30493]
  0x084788e0 JavaThread "TimerQueue" daemon [_thread_blocked, id=30515]
=>0x08381070 JavaThread "AWT-EventQueue-0" [_thread_in_Java, id=30507]
  0x08305d10 JavaThread "AWT-Shutdown" [_thread_blocked, id=30506]
  0x08301ce8 JavaThread "AWT-XAWT" daemon [_thread_blocked, id=30505]
  0x082c5170 JavaThread "Java2D Disposer" daemon [_thread_blocked, id=30504]
  0x080a0350 JavaThread "Low Memory Detector" daemon [_thread_blocked, id=30502]
  0x0809ee00 JavaThread "CompilerThread0" daemon [_thread_blocked, id=30501]
  0x0809def0 JavaThread "Signal Dispatcher" daemon [_thread_blocked, id=30500]
  0x080992a8 JavaThread "Finalizer" daemon [_thread_blocked, id=30499]
  0x08098590 JavaThread "Reference Handler" daemon [_thread_blocked, id=30498]

Other Threads:
  0x08095aa0 VMThread [id=30497]
  0x080a17e0 WatcherThread [id=30503]

VM state:not at safepoint (normal execution)

VM Mutex/Monitor currently owned by a thread: None

Heap
 def new generation   total 576K, used 240K [0xcb400000, 0xcb4a0000, 0xcb8e0000)
  eden space 512K,  46% used [0xcb400000, 0xcb43b238, 0xcb480000)
  from space 64K,   6% used [0xcb490000, 0xcb4910a0, 0xcb4a0000)
  to   space 64K,   0% used [0xcb480000, 0xcb480000, 0xcb490000)
 tenured generation   total 4216K, used 3523K [0xcb8e0000, 0xcbcfe000, 0xcf400000)
   the space 4216K,  83% used [0xcb8e0000, 0xcbc50dd0, 0xcbc50e00, 0xcbcfe000)
 compacting perm gen  total 8192K, used 2686K [0xcf400000, 0xcfc00000, 0xd3400000)
   the space 8192K,  32% used [0xcf400000, 0xcf69f838, 0xcf69fa00, 0xcfc00000)
    ro space 8192K,  68% used [0xd3400000, 0xd3979358, 0xd3979400, 0xd3c00000)
    rw space 12288K,  47% used [0xd3c00000, 0xd41b6a60, 0xd41b6c00, 0xd4800000)

Dynamic libraries:
00111000-00113000 rwxp 00111000 00:00 0 
00113000-00119000 r-xp 00000000 08:02 671768     /opt/jdk1.5.0_03/jre/lib/i386/native_threads/libhpi.so
00119000-0011a000 rwxp 00006000 08:02 671768     /opt/jdk1.5.0_03/jre/lib/i386/native_threads/libhpi.so
0011a000-00125000 r-xp 00000000 08:02 671780     /opt/jdk1.5.0_03/jre/lib/i386/libverify.so
00125000-00126000 rwxp 0000b000 08:02 671780     /opt/jdk1.5.0_03/jre/lib/i386/libverify.so
00126000-00128000 r-xs 00000000 08:02 671822     /opt/jdk1.5.0_03/jre/lib/ext/dnsns.jar
00128000-00129000 r-xp 00000000 08:02 3312061    /usr/X11R6/lib/X11/locale/lib/common/xlcUTF8Load.so.2
00129000-0012a000 rwxp 00000000 08:02 3312061    /usr/X11R6/lib/X11/locale/lib/common/xlcUTF8Load.so.2
0012a000-00133000 r-xp 00000000 08:02 2211889    /lib/libnss_files-2.3.5.so
00133000-00134000 r-xp 00008000 08:02 2211889    /lib/libnss_files-2.3.5.so
00134000-00135000 rwxp 00009000 08:02 2211889    /lib/libnss_files-2.3.5.so
00135000-00156000 r-xp 00000000 08:02 671781     /opt/jdk1.5.0_03/jre/lib/i386/libjava.so
00156000-00158000 rwxp 00020000 08:02 671781     /opt/jdk1.5.0_03/jre/lib/i386/libjava.so
00158000-0016b000 r-xp 00000000 08:02 671783     /opt/jdk1.5.0_03/jre/lib/i386/libzip.so
0016b000-0016d000 rwxp 00012000 08:02 671783     /opt/jdk1.5.0_03/jre/lib/i386/libzip.so
0016d000-001d9000 rwxp 0016d000 00:00 0 
001d9000-001f4000 rwxp 001d9000 00:00 0 
001f4000-00200000 rwxp 001f4000 00:00 0 
00200000-00206000 r-xs 00000000 08:02 3276994    /usr/lib/gconv/gconv-modules.cache
0020a000-0020e000 rwxs 00000000 00:06 79134735   /SYSV00000000 (deleted)
00210000-00224000 r-xs 00000000 08:02 671824     /opt/jdk1.5.0_03/jre/lib/jce.jar
00224000-0022d000 rwxp 00224000 00:00 0 
0022d000-002a4000 rwxp 0022d000 00:00 0 
002a4000-002b8000 r-xp 00000000 08:02 671786     /opt/jdk1.5.0_03/jre/lib/i386/libnet.so
002b8000-002b9000 rwxp 00013000 08:02 671786     /opt/jdk1.5.0_03/jre/lib/i386/libnet.so
002b9000-002bd000 rwxs 00000000 00:06 79167504   /SYSV00000000 (deleted)
002bf000-00346000 r-xs 00000000 08:02 672328     /opt/jdk1.5.0_03/jre/lib/jsse.jar
00346000-00347000 rwxp 00346000 00:00 0 
00347000-00348000 rwxp 00347000 00:00 0 
00348000-0034b000 rwxp 00348000 00:00 0 
0034b000-00366000 rwxp 0034b000 00:00 0 
00366000-0036a000 rwxp 00366000 00:00 0 
0036a000-00386000 rwxp 0036a000 00:00 0 
00386000-00396000 rwxp 00386000 00:00 0 
00396000-003b2000 rwxp 00396000 00:00 0 
003b2000-003d8000 r-xs 00000000 08:02 671820     /opt/jdk1.5.0_03/jre/lib/ext/sunjce_provider.jar
003d8000-00403000 r-xs 00000000 08:02 671821     /opt/jdk1.5.0_03/jre/lib/ext/sunpkcs11.jar
00403000-0040a000 rwxs 00000000 00:06 79233035   /SYSV00000000 (deleted)
0040b000-00413000 rwxs 00000000 08:02 1671321    /tmp/hsperfdata_smc/30493
00413000-00449000 r-xp 00000000 08:02 671798     /opt/jdk1.5.0_03/jre/lib/i386/xawt/libmawt.so
00449000-0044c000 rwxp 00035000 08:02 671798     /opt/jdk1.5.0_03/jre/lib/i386/xawt/libmawt.so
0044c000-0044d000 rwxp 0044c000 00:00 0 
0044d000-00467000 r-xp 00000000 08:02 3312059    /usr/X11R6/lib/X11/locale/lib/common/ximcp.so.2
00467000-00469000 rwxp 0001a000 08:02 3312059    /usr/X11R6/lib/X11/locale/lib/common/ximcp.so.2
00472000-00487000 r-xp 00000000 08:02 2211849    /lib/ld-2.3.5.so
00488000-00489000 r-xp 00015000 08:02 2211849    /lib/ld-2.3.5.so
00489000-0048a000 rwxp 00016000 08:02 2211849    /lib/ld-2.3.5.so
00490000-005b3000 r-xp 00000000 08:02 2211853    /lib/tls/libc-2.3.5.so
005b3000-005b4000 ---p 00123000 08:02 2211853    /lib/tls/libc-2.3.5.so
005b4000-005b6000 r-xp 00123000 08:02 2211853    /lib/tls/libc-2.3.5.so
005b6000-005b8000 rwxp 00125000 08:02 2211853    /lib/tls/libc-2.3.5.so
005b8000-005ba000 rwxp 005b8000 00:00 0 
005bc000-005dd000 r-xp 00000000 08:02 2211857    /lib/tls/libm-2.3.5.so
005dd000-005de000 r-xp 00020000 08:02 2211857    /lib/tls/libm-2.3.5.so
005de000-005df000 rwxp 00021000 08:02 2211857    /lib/tls/libm-2.3.5.so
005e1000-005e3000 r-xp 00000000 08:02 2211859    /lib/libdl-2.3.5.so
005e3000-005e4000 r-xp 00001000 08:02 2211859    /lib/libdl-2.3.5.so
005e4000-005e5000 rwxp 00002000 08:02 2211859    /lib/libdl-2.3.5.so
005e5000-005e6000 ---p 005e5000 00:00 0 
005e6000-00666000 rwxp 005e6000 00:00 0 
0066e000-00674000 r-xp 00000000 08:02 671787     /opt/jdk1.5.0_03/jre/lib/i386/libnio.so
00674000-00675000 rwxp 00005000 08:02 671787     /opt/jdk1.5.0_03/jre/lib/i386/libnio.so
00695000-00696000 r-xp 00695000 00:00 0 
006b0000-006bd000 r-xp 00000000 08:02 3242902    /usr/X11R6/lib/libXext.so.6.4
006bd000-006be000 rwxp 0000c000 08:02 3242902    /usr/X11R6/lib/libXext.so.6.4
006be000-006d6000 r-xp 00000000 08:02 671792     /opt/jdk1.5.0_03/jre/lib/i386/libdcpr.so
006d6000-006e9000 rwxp 00018000 08:02 671792     /opt/jdk1.5.0_03/jre/lib/i386/libdcpr.so
006ec000-006fa000 r-xp 00000000 08:02 2211862    /lib/tls/libpthread-2.3.5.so
006fa000-006fb000 r-xp 0000d000 08:02 2211862    /lib/tls/libpthread-2.3.5.so
006fb000-006fc000 rwxp 0000e000 08:02 2211862    /lib/tls/libpthread-2.3.5.so
006fc000-006fe000 rwxp 006fc000 00:00 0 
006fe000-00701000 ---p 006fe000 00:00 0 
00701000-0077f000 rwxp 00701000 00:00 0 
0077f000-007ae000 r-xp 00000000 08:02 671804     /opt/jdk1.5.0_03/jre/lib/i386/libjpeg.so
007ae000-007af000 rwxp 0002e000 08:02 671804     /opt/jdk1.5.0_03/jre/lib/i386/libjpeg.so
007c6000-007c7000 rwxp 007c6000 00:00 0 
007d0000-007d7000 r-xp 00000000 08:02 3242903    /usr/X11R6/lib/libXrender.so.1.2.2
007d7000-007d8000 rwxp 00006000 08:02 3242903    /usr/X11R6/lib/libXrender.so.1.2.2
007e4000-007ec000 r-xp 00000000 08:02 3242905    /usr/X11R6/lib/libXcursor.so.1.0.2
007ec000-007ed000 rwxp 00007000 08:02 3242905    /usr/X11R6/lib/libXcursor.so.1.0.2
00809000-00b2a000 r-xp 00000000 08:02 671774     /opt/jdk1.5.0_03/jre/lib/i386/client/libjvm.so
00b2a000-00b48000 rwxp 00320000 08:02 671774     /opt/jdk1.5.0_03/jre/lib/i386/client/libjvm.so
00b48000-00f5d000 rwxp 00b48000 00:00 0 
00f5d000-03540000 r-xs 00000000 08:02 672407     /opt/jdk1.5.0_03/jre/lib/rt.jar
03540000-03d7b000 r-xs 00000000 08:02 672385     /opt/jdk1.5.0_03/jre/lib/charsets.jar
03d7b000-03fa3000 rwxp 03d7b000 00:00 0 
03fa3000-05d7b000 rwxp 03fa3000 00:00 0 
05d7b000-05d7e000 ---p 05d7b000 00:00 0 
05d7e000-05dfc000 rwxp 05d7e000 00:00 0 
05dfc000-05dff000 ---p 05dfc000 00:00 0 
05dff000-05e7d000 rwxp 05dff000 00:00 0 
05e7d000-05e7e000 ---p 05e7d000 00:00 0 
05e7e000-05efe000 rwxp 05e7e000 00:00 0 
05efe000-05f71000 r-xp 00000000 08:02 671803     /opt/jdk1.5.0_03/jre/lib/i386/libfontmanager.so
05f71000-05f7b000 rwxp 00073000 08:02 671803     /opt/jdk1.5.0_03/jre/lib/i386/libfontmanager.so
05f7b000-05f7f000 rwxp 05f7b000 00:00 0 
05f8a000-0618a000 r-xp 00000000 08:02 3232058    /usr/lib/locale/locale-archive
0618a000-0624e000 r-xs 00000000 08:02 672386     /opt/jdk1.5.0_03/jre/lib/ext/localedata.jar
0624e000-062c3000 r-xp 00000000 08:02 671794     /opt/jdk1.5.0_03/jre/lib/i386/libawt.so
062c3000-062c9000 rwxp 00074000 08:02 671794     /opt/jdk1.5.0_03/jre/lib/i386/libawt.so
062c9000-062ed000 rwxp 062c9000 00:00 0 
062ed000-063b3000 r-xp 00000000 08:02 671793     /opt/jdk1.5.0_03/jre/lib/i386/libmlib_image.so
063b3000-063b4000 rwxp 000c5000 08:02 671793     /opt/jdk1.5.0_03/jre/lib/i386/libmlib_image.so
063b4000-063b7000 ---p 063b4000 00:00 0 
063b7000-06435000 rwxp 063b7000 00:00 0 
06480000-06483000 ---p 06480000 00:00 0 
06483000-06501000 rwxp 06483000 00:00 0 
06501000-06504000 ---p 06501000 00:00 0 
06504000-06582000 rwxp 06504000 00:00 0 
06582000-06585000 ---p 06582000 00:00 0 
06585000-06603000 rwxp 06585000 00:00 0 
0666d000-06670000 rwxp 0666d000 00:00 0 
06670000-066ee000 rwxp 06670000 00:00 0 
0672b000-067ee000 r-xp 00000000 08:02 3242901    /usr/X11R6/lib/libX11.so.6.2
067ee000-067f2000 rwxp 000c3000 08:02 3242901    /usr/X11R6/lib/libX11.so.6.2
067f2000-067f5000 rwxp 067f2000 00:00 0 
067f5000-06873000 rwxp 067f5000 00:00 0 
06873000-06876000 rwxp 06873000 00:00 0 
06876000-068f4000 rwxp 06876000 00:00 0 
068f4000-068f7000 ---p 068f4000 00:00 0 
068f7000-06975000 rwxp 068f7000 00:00 0 
06975000-06978000 rwxp 06975000 00:00 0 
06978000-069f6000 rwxp 06978000 00:00 0 
06da2000-06da5000 ---p 06da2000 00:00 0 
06da5000-06e23000 rwxp 06da5000 00:00 0 
07109000-0711b000 r-xp 00000000 08:02 2211882    /lib/libnsl-2.3.5.so
0711b000-0711c000 r-xp 00011000 08:02 2211882    /lib/libnsl-2.3.5.so
0711c000-0711d000 rwxp 00012000 08:02 2211882    /lib/libnsl-2.3.5.so
0711d000-0711f000 rwxp 0711d000 00:00 0 
0711f000-075ce000 rwxs 00000000 00:06 79200273   /SYSV00000000 (deleted)
0776a000-0776d000 rwxp 0776a000 00:00 0 
0776d000-077eb000 rwxp 0776d000 00:00 0 
07e50000-07e53000 ---p 07e50000 00:00 0 
07e53000-07ed1000 rwxp 07e53000 00:00 0 
08048000-08056000 r-xp 00000000 08:02 671748     /opt/jdk1.5.0_03/jre/bin/java
08056000-08058000 rwxp 0000e000 08:02 671748     /opt/jdk1.5.0_03/jre/bin/java
08058000-0853c000 rwxp 08058000 00:00 0 
cb400000-cb4a0000 rwxp cb400000 00:00 0 
cb4a0000-cb8e0000 rwxp cb4a0000 00:00 0 
cb8e0000-cbcfe000 rwxp cb8e0000 00:00 0 
cbcfe000-cf400000 rwxp cbcfe000 00:00 0 
cf400000-cfc00000 rwxp cf400000 00:00 0 
cfc00000-d3400000 rwxp cfc00000 00:00 0 
d3400000-d397a000 r-xs 00001000 08:02 672370     /opt/jdk1.5.0_03/jre/lib/i386/client/classes.jsa
d397a000-d3c00000 rwxp d397a000 00:00 0 
d3c00000-d41b7000 rwxp 0057b000 08:02 672370     /opt/jdk1.5.0_03/jre/lib/i386/client/classes.jsa
d41b7000-d4800000 rwxp d41b7000 00:00 0 
d4800000-d48cf000 rwxp 00b32000 08:02 672370     /opt/jdk1.5.0_03/jre/lib/i386/client/classes.jsa
d48cf000-d4c00000 rwxp d48cf000 00:00 0 
d4c00000-d4c04000 r-xs 00c01000 08:02 672370     /opt/jdk1.5.0_03/jre/lib/i386/client/classes.jsa
d4c04000-d5000000 rwxp d4c04000 00:00 0 
f6e00000-f6e29000 rwxp f6e00000 00:00 0 
f6e29000-f6f00000 ---p f6e29000 00:00 0 
fee00000-fee03000 ---p fee00000 00:00 0 
fee03000-ff000000 rwxp fee03000 00:00 0 
ffffe000-fffff000 ---p 00000000 00:00 0 

VM Arguments:
java_command: elvira.Elvira

Environment Variables:
PATH=/usr/kerberos/bin:/usr/local/bin:/usr/bin:/bin:/usr/X11R6/bin
USERNAME=smc
LD_LIBRARY_PATH=/opt/jdk1.5.0_03/jre/lib/i386/client:/opt/jdk1.5.0_03/jre/lib/i386:/opt/jdk1.5.0_03/jre/../lib/i386
SHELL=/bin/tcsh
DISPLAY=:0.0
HOSTTYPE=i386-linux
OSTYPE=linux
MACHTYPE=i386


---------------  S Y S T E M  ---------------

OS:Fedora Core release 3 (Heidelberg)

uname:Linux 2.6.9-1.667smp #1 SMP Tue Nov 2 14:59:52 EST 2004 i686
libc:glibc 2.3.5 NPTL 2.3.5 
rlimit: STACK 10240k, CORE infinity, NPROC 16379, NOFILE 1024, AS infinity
load average:1.95 1.83 1.54

CPU:total 2 family 15, cmov, cx8, fxsr, mmx, sse, sse2, ht

Memory: 4k page, physical 1033776k(6020k free), swap 2097140k(2096940k free)

vm_info: Java HotSpot(TM) Client VM (1.5.0_03-b07) for linux-x86, built on Apr 13 2005 03:17:07 by java_re with gcc 3.2.1-7a (J2SE release)

